<?xml version="1.0" encoding="UTF-8"?>
<!-- Generated by org.testng.reporters.JUnitReportReporter -->
<testsuite hostname="TYSS" failures="0" tests="1" name="TestNg.Annotation" time="0.052" errors="0" timestamp="2023-09-11T12:20:26 IST" skipped="0">
  <testcase classname="TestNg.Annotation" name="Mainmethod" time="0.052">
    <system-out>
      <![CDATA[Main Method is getting executed]]>
    </system-out>
  </testcase> <!-- Mainmethod -->
  <system-out>
    <![CDATA[Before suite is getting executed
Before Test is getting executed
Before Class is getting executed
Before Method is getting executed
Main Method is getting executed
After Method is getting executed
Before Class is getting executed
After Test is getting executed
After suite is getting executed]]>
  </system-out>
</testsuite> <!-- TestNg.Annotation -->
